<?xml version="1.0" encoding="UTF-8"?>
<!-- Generated by org.testng.reporters.JUnitReportReporter -->
<testsuite hostname="DESKTOP-0BOD3T4" failures="0" tests="2" name="suitec.TestCC" time="4.099" errors="0" timestamp="2022-06-08T23:35:32 IST" skipped="0">
  <testcase classname="suitec.TestCC" name="testCC" time="2.077"/>
  <testcase classname="suitec.TestCC" name="testCC" time="2.022"/>
</testsuite> <!-- suitec.TestCC -->
