<?xml version="1.0" encoding="UTF-8"?>
<!-- Generated by org.testng.reporters.JUnitReportReporter -->
<testsuite hostname="DESKTOP-0BOD3T4" failures="0" tests="2" name="suitec.TestC" time="4.085" errors="0" timestamp="2022-06-08T23:35:32 IST" skipped="0">
  <testcase classname="suitec.TestC" name="testC" time="2.046"/>
  <testcase classname="suitec.TestC" name="testC" time="2.039"/>
</testsuite> <!-- suitec.TestC -->
