<?xml version="1.0" encoding="UTF-8"?>
<!-- Generated by org.testng.reporters.JUnitReportReporter -->
<testsuite hostname="DESKTOP-0BOD3T4" failures="0" tests="2" name="suitea.TestAA" time="4.158" errors="0" timestamp="2022-06-08T23:35:32 IST" skipped="0">
  <testcase classname="suitea.TestAA" name="testAA" time="2.052"/>
  <testcase classname="suitea.TestAA" name="testAA" time="2.106"/>
</testsuite> <!-- suitea.TestAA -->
