<?xml version="1.0" encoding="UTF-8"?>
<!-- Generated by org.testng.reporters.JUnitReportReporter -->
<testsuite hostname="DESKTOP-0BOD3T4" failures="0" tests="2" name="suiteb.TestB" time="4.839" errors="0" timestamp="2022-06-08T23:42:10 IST" skipped="0">
  <testcase classname="suiteb.TestB" name="testB" time="2.748"/>
  <testcase classname="suiteb.TestB" name="testB" time="2.091"/>
</testsuite> <!-- suiteb.TestB -->
