<?xml version="1.0" encoding="UTF-8"?>
<!-- Generated by org.testng.reporters.JUnitReportReporter -->
<testsuite hostname="DESKTOP-0BOD3T4" failures="0" tests="1" name="suitec.TestC" time="0.000" errors="0" timestamp="2022-06-08T23:42:10 IST" skipped="1">
  <testcase classname="suitec.TestC" name="testC" time="0.000">
    <skipped/>
  </testcase> <!-- testC -->
</testsuite> <!-- suitec.TestC -->
